<?xml version="1.0" encoding="UTF-8"?>
<!-- Generated by org.testng.reporters.JUnitReportReporter -->
<testsuite hostname="DESKTOP-BO73O64" failures="0" tests="1" name="com.iNetBanking.testCases.TC_LoginTest_001" time="12.698" errors="0" timestamp="2022-02-07T18:40:22 IST" skipped="0">
  <testcase classname="com.iNetBanking.testCases.TC_LoginTest_001" name="LoginTest" time="12.698"/>
  <system-out/>
</testsuite> <!-- com.iNetBanking.testCases.TC_LoginTest_001 -->
